<?xml version="1.0" encoding="UTF-8"?>
<!-- Generated by org.testng.reporters.JUnitReportReporter -->
<testsuite skipped="0" hostname="NODE588" name="com.crm.qa.testCases.LoingPageTest" tests="3" failures="0" timestamp="21 Oct 2019 09:08:59 GMT" time="118.813" errors="0">
  <testcase name="loginPageTittleTest" time="30.721" classname="com.crm.qa.testCases.LoingPageTest"/>
  <testcase name="crmLogoImageTest" time="45.596" classname="com.crm.qa.testCases.LoingPageTest"/>
  <testcase name="LoginTest" time="42.496" classname="com.crm.qa.testCases.LoingPageTest"/>
</testsuite> <!-- com.crm.qa.testCases.LoingPageTest -->
