<?xml version="1.0" encoding="UTF-8"?>
<!-- Generated by org.testng.reporters.JUnitReportReporter -->
<testsuite skipped="0" hostname="NODE588" name="com.crm.qa.testCases.ContactsPageTest" tests="1" failures="0" timestamp="26 Aug 2019 10:43:36 GMT" time="53.342" errors="0">
  <testcase name="VerifiedContactsTextTest" time="53.342" classname="com.crm.qa.testCases.ContactsPageTest"/>
</testsuite> <!-- com.crm.qa.testCases.ContactsPageTest -->
