<?xml version="1.0" encoding="UTF-8"?>
<!-- Generated by org.testng.reporters.JUnitReportReporter -->
<testsuite skipped="0" hostname="NODE588" name="com.crm.qa.testCases.HomePageTest" tests="3" failures="0" timestamp="26 Aug 2019 06:17:12 GMT" time="122.346" errors="0">
  <testcase name="VerfiyHomePageTittleTest" time="39.671" classname="com.crm.qa.testCases.HomePageTest"/>
  <testcase name="VerifyUserNameLableTest" time="39.779" classname="com.crm.qa.testCases.HomePageTest"/>
  <testcase name="ClickOnContactsLinkTest" time="42.896" classname="com.crm.qa.testCases.HomePageTest"/>
</testsuite> <!-- com.crm.qa.testCases.HomePageTest -->
