<?xml version="1.0" encoding="UTF-8"?>
<!-- Generated by org.testng.reporters.JUnitReportReporter -->
<testsuite skipped="0" hostname="NODE588" name="com.crm.qa.testCases.LoingPageTest" tests="3" failures="0" timestamp="21 Oct 2019 10:25:41 GMT" time="105.360" errors="0">
  <testcase name="loginPageTittleTest" time="33.871" classname="com.crm.qa.testCases.LoingPageTest"/>
  <testcase name="crmLogoImageTest" time="27.913" classname="com.crm.qa.testCases.LoingPageTest"/>
  <testcase name="LoginTest" time="43.576" classname="com.crm.qa.testCases.LoingPageTest"/>
</testsuite> <!-- com.crm.qa.testCases.LoingPageTest -->
